<p>[2025-12-09 20:29:51,586]&nbsp[INFO]&nbspStart Item SHC_Check: db52e48c-d43a-11f0-aedb-024264c8003b</p><p>[2025-12-09 20:29:51,586]&nbsp[DEBUG]&nbspSHC_Check Config: {'Cmd': 'tail -n 50 /home/cpu_stress/shc.log', 'CheckFlag': 'PASSED - No errors or failures detected', 'Prompt': '# $', 'SessionIdName': 'ssh_session', 'Timeout': 60, 'WorkDir': '', 'BlackList': '(fail|error)'}</p><p>[2025-12-09 20:29:51,586]&nbsp[INFO]&nbspRun command : tail -n 50 /home/cpu_stress/shc.log</p><p>[2025-12-09 20:29:51,586]&nbsp[DEBUG]&nbsptail -n 50 /home/cpu_stress/shc.log</p><p>[2025-12-09 20:29:51,639]&nbsp[DEBUG]&nbsp	Sub-TEST EXIT CODE	: 0</p><p>[2025-12-09 20:29:51,639]&nbsp[DEBUG]&nbsp	Sub-TEST FAIL STRING FOUND	: n/a</p><p>[2025-12-09 20:29:51,639]&nbsp[DEBUG]&nbsp	Sub-TEST ARTIFACTS SAVED	: pgovernor_settings.txt, pupperHalf.txt, plowerHalf.txt, platform_bdat.bin, pMSR.txt, pmax_map_count.txt, platform_info.txt, pulimit.txt</p><p>[2025-12-09 20:29:51,639]&nbsp[DEBUG]&nbsp	Sub-TEST ARTIFACTS NOT SAVED	: post-mce_filter-run.log, pre-mce_filter-run.log</p><p>[2025-12-09 20:29:51,639]&nbsp[DEBUG]&nbsp	Sub-TEST STDOUT : </p><p>[2025-12-09 20:29:51,639]&nbsp[DEBUG]&nbsp</p><p>[2025-12-09 20:29:51,639]&nbsp[DEBUG]&nbsp	Sub-TEST STDERR : </p><p>[2025-12-09 20:29:51,639]&nbsp[DEBUG]&nbsp</p><p>[2025-12-09 20:29:51,639]&nbsp[DEBUG]&nbsp</p><p>[2025-12-09 20:29:51,639]&nbsp[DEBUG]&nbsp</p><p>[2025-12-09 20:29:51,639]&nbsp[DEBUG]&nbsp</p><p>[2025-12-09 20:29:51,639]&nbsp[DEBUG]&nbspSHC SUMMARY</p><p>[2025-12-09 20:29:51,640]&nbsp[DEBUG]&nbsp-----------</p><p>[2025-12-09 20:29:51,640]&nbsp[DEBUG]&nbspEND DATE AND TIME : Tue Dec  9 20:23:38 2025</p><p>[2025-12-09 20:29:51,640]&nbsp[DEBUG]&nbspDURATION : 10295 Second(s)</p><p>[2025-12-09 20:29:51,640]&nbsp[DEBUG]&nbsp</p><p>[2025-12-09 20:29:51,640]&nbsp[DEBUG]&nbspSUB-TEST(s) EXECUTED : 28</p><p>[2025-12-09 20:29:51,640]&nbsp[DEBUG]&nbspSUB-TEST(s) PASSED : 28</p><p>[2025-12-09 20:29:51,640]&nbsp[DEBUG]&nbspSUB-TEST(s) FAILED : 0</p><p>[2025-12-09 20:29:51,640]&nbsp[DEBUG]&nbspSUB-TEST(s) FURTHER TRIAGE NEEDED : 0</p><p>[2025-12-09 20:29:51,640]&nbsp[DEBUG]&nbspSUB-TEST(s) TIMED-OUT : 0</p><p>[2025-12-09 20:29:51,640]&nbsp[DEBUG]&nbsp</p><p>[2025-12-09 20:29:51,640]&nbsp[DEBUG]&nbspARTIFACTS SAVED : TestFlow_150min_3phases_strict_time.json, TestFlow_60min_3phases_strict_time.json, config.json, SHC_DEBUG_LOG.log, TestFlow_150min_3phases_strict_content.json, shc_config.json, topology.xml, TestFlow_60min_3phases_strict_content.json, TestFlow_240min_3phases_strict_content.json</p><p>[2025-12-09 20:29:51,640]&nbsp[DEBUG]&nbspARTIFACTS NOT SAVED : none</p><p>[2025-12-09 20:29:51,640]&nbsp[DEBUG]&nbsp</p><p>[2025-12-09 20:29:51,640]&nbsp[DEBUG]&nbsp</p><p>[2025-12-09 20:29:51,640]&nbsp[DEBUG]&nbspGENERAL SYSTEM WARNINGS</p><p>[2025-12-09 20:29:51,640]&nbsp[DEBUG]&nbsp-----------------------</p><p>[2025-12-09 20:29:51,640]&nbsp[DEBUG]&nbspSUB-TEST ID(s) TIMED-OUT : </p><p>[2025-12-09 20:29:51,640]&nbsp[DEBUG]&nbspSUB-TEST ID(s) WITH MCE : </p><p>[2025-12-09 20:29:51,640]&nbsp[DEBUG]&nbsp</p><p>[2025-12-09 20:29:51,640]&nbsp[DEBUG]&nbsp</p><p>[2025-12-09 20:29:51,640]&nbsp[DEBUG]&nbspGENERAL SYSTEM ERRORS</p><p>[2025-12-09 20:29:51,640]&nbsp[DEBUG]&nbsp---------------------</p><p>[2025-12-09 20:29:51,640]&nbsp[DEBUG]&nbspSUB-TEST ID(s) SKIPPED : </p><p>[2025-12-09 20:29:51,640]&nbsp[DEBUG]&nbspSUB-TEST ID(s) WITH NON-ZERO EXIT CODE : </p><p>[2025-12-09 20:29:51,640]&nbsp[DEBUG]&nbspSUB-TEST ID(s) WITH STDERR OUTPUT : </p><p>[2025-12-09 20:29:51,641]&nbsp[DEBUG]&nbsp</p><p>[2025-12-09 20:29:51,641]&nbsp[DEBUG]&nbsp</p><p>[2025-12-09 20:29:51,641]&nbsp[DEBUG]&nbspSHC FAILURES</p><p>[2025-12-09 20:29:51,641]&nbsp[DEBUG]&nbsp------------</p><p>[2025-12-09 20:29:51,641]&nbsp[DEBUG]&nbspSUB-TEST ID(s) WITH FAIL STRING FOUND : </p><p>[2025-12-09 20:29:51,641]&nbsp[DEBUG]&nbspFAILING SOCKET(s) (SUB-TEST IDs):</p><p>[2025-12-09 20:29:51,641]&nbsp[DEBUG]&nbsp</p><p>[2025-12-09 20:29:51,641]&nbsp[DEBUG]&nbsp</p><p>[2025-12-09 20:29:51,641]&nbsp[DEBUG]&nbspSHC OVERALL RESULTS</p><p>[2025-12-09 20:29:51,641]&nbsp[DEBUG]&nbsp-------------------</p><p>[2025-12-09 20:29:51,641]&nbsp[DEBUG]&nbspPASSED - No errors or failures detected</p><p>[2025-12-09 20:29:51,641]&nbsp[DEBUG]&nbspreset_ulimit: 1024</p><p>[2025-12-09 20:29:51,641]&nbsp[DEBUG]&nbsp~/shc_emr_xcc_gold_linux_2024.06.01_release</p><p>[2025-12-09 20:29:51,641]&nbsp[DEBUG]&nbsproot@debian:~/shc_emr_xcc_gold_linux_2024.06.01_release</p><p>[2025-12-09 20:29:51,641]&nbsp[INFO]&nbspCheck flag : PASSED - No errors or failures detected</p><p>[2025-12-09 20:29:51,642]&nbsp[INFO]&nbspDone</p><p>[2025-12-09 20:29:51,642]&nbsp[INFO]&nbspPass:</p><p>[2025-12-09 20:29:51,642]&nbsp[INFO]&nbspEnd Item SHC_Check: db52e48c-d43a-11f0-aedb-024264c8003b</p>